[January 05, 2022 22:00:08.570PM UTC] PlayerPreTagEvent was triggered on AllanStrat by Unknown Entity with type UNKNOWN, reason UNKNOWN, and cancelled true.
[January 05, 2022 22:06:07.204PM UTC] PlayerPreTagEvent was triggered on AllanDev by AllanStrat with type PLAYER, reason ATTACKER, and cancelled false.
[January 05, 2022 22:06:07.211PM UTC] PlayerTagEvent was triggered on AllanDev by AllanStrat with type PLAYER and reason ATTACKER.
[January 05, 2022 22:06:07.213PM UTC] PlayerPreTagEvent was triggered on AllanStrat by AllanDev with type PLAYER, reason ATTACKED, and cancelled true.
[January 05, 2022 22:06:07.342PM UTC] PlayerPreTagEvent was triggered on AllanDev by AllanStrat with type PLAYER, reason ATTACKER, and cancelled false.
[January 05, 2022 22:06:07.342PM UTC] PlayerReTagEvent was triggered on AllanDev by AllanStrat with type PLAYER and reason ATTACKER.
[January 05, 2022 22:06:07.342PM UTC] PlayerPreTagEvent was triggered on AllanStrat by AllanDev with type PLAYER, reason ATTACKED, and cancelled true.
[January 05, 2022 22:06:09.592PM UTC] PlayerPreTagEvent was triggered on AllanDev by AllanStrat with type PLAYER, reason ATTACKER, and cancelled false.
[January 05, 2022 22:06:09.592PM UTC] PlayerReTagEvent was triggered on AllanDev by AllanStrat with type PLAYER and reason ATTACKER.
[January 05, 2022 22:06:09.592PM UTC] PlayerPreTagEvent was triggered on AllanStrat by AllanDev with type PLAYER, reason ATTACKED, and cancelled true.
[January 05, 2022 22:06:09.841PM UTC] PlayerPreTagEvent was triggered on AllanDev by AllanStrat with type PLAYER, reason ATTACKER, and cancelled false.
[January 05, 2022 22:06:09.841PM UTC] PlayerReTagEvent was triggered on AllanDev by AllanStrat with type PLAYER and reason ATTACKER.
[January 05, 2022 22:06:09.842PM UTC] PlayerPreTagEvent was triggered on AllanStrat by AllanDev with type PLAYER, reason ATTACKED, and cancelled true.
[January 05, 2022 22:06:11.592PM UTC] PlayerPreTagEvent was triggered on AllanDev by AllanStrat with type PLAYER, reason ATTACKER, and cancelled false.
[January 05, 2022 22:06:11.592PM UTC] PlayerReTagEvent was triggered on AllanDev by AllanStrat with type PLAYER and reason ATTACKER.
[January 05, 2022 22:06:11.592PM UTC] PlayerPreTagEvent was triggered on AllanStrat by AllanDev with type PLAYER, reason ATTACKED, and cancelled true.
[January 05, 2022 22:06:11.741PM UTC] PlayerPreTagEvent was triggered on AllanDev by AllanStrat with type PLAYER, reason ATTACKER, and cancelled false.
[January 05, 2022 22:06:11.741PM UTC] PlayerReTagEvent was triggered on AllanDev by AllanStrat with type PLAYER and reason ATTACKER.
[January 05, 2022 22:06:11.742PM UTC] PlayerPreTagEvent was triggered on AllanStrat by AllanDev with type PLAYER, reason ATTACKED, and cancelled true.
[January 05, 2022 22:06:15.241PM UTC] PlayerPreTagEvent was triggered on AllanDev by AllanStrat with type PLAYER, reason ATTACKER, and cancelled false.
[January 05, 2022 22:06:15.242PM UTC] PlayerReTagEvent was triggered on AllanDev by AllanStrat with type PLAYER and reason ATTACKER.
[January 05, 2022 22:06:15.242PM UTC] PlayerPreTagEvent was triggered on AllanStrat by AllanDev with type PLAYER, reason ATTACKED, and cancelled true.
[January 05, 2022 22:06:16.461PM UTC] PlayerPreTagEvent was triggered on AllanDev by AllanStrat with type PLAYER, reason ATTACKER, and cancelled false.
[January 05, 2022 22:06:16.461PM UTC] PlayerReTagEvent was triggered on AllanDev by AllanStrat with type PLAYER and reason ATTACKER.
[January 05, 2022 22:06:16.462PM UTC] PlayerPreTagEvent was triggered on AllanStrat by AllanDev with type PLAYER, reason ATTACKED, and cancelled true.
[January 05, 2022 22:06:16.462PM UTC] PlayerPreTagEvent was triggered on AllanStrat by Unknown Entity with type UNKNOWN, reason UNKNOWN, and cancelled true.
[January 05, 2022 22:06:17.441PM UTC] PlayerPreTagEvent was triggered on AllanDev by AllanStrat with type PLAYER, reason ATTACKER, and cancelled false.
[January 05, 2022 22:06:17.441PM UTC] PlayerReTagEvent was triggered on AllanDev by AllanStrat with type PLAYER and reason ATTACKER.
[January 05, 2022 22:06:17.441PM UTC] PlayerPreTagEvent was triggered on AllanStrat by AllanDev with type PLAYER, reason ATTACKED, and cancelled true.
[January 05, 2022 22:06:17.741PM UTC] PlayerPreTagEvent was triggered on AllanDev by AllanStrat with type PLAYER, reason ATTACKER, and cancelled false.
[January 05, 2022 22:06:17.741PM UTC] PlayerReTagEvent was triggered on AllanDev by AllanStrat with type PLAYER and reason ATTACKER.
[January 05, 2022 22:06:17.742PM UTC] PlayerPreTagEvent was triggered on AllanStrat by AllanDev with type PLAYER, reason ATTACKED, and cancelled true.
[January 05, 2022 22:06:18.541PM UTC] PlayerPreTagEvent was triggered on AllanDev by AllanStrat with type PLAYER, reason ATTACKER, and cancelled false.
[January 05, 2022 22:06:18.541PM UTC] PlayerReTagEvent was triggered on AllanDev by AllanStrat with type PLAYER and reason ATTACKER.
[January 05, 2022 22:06:18.541PM UTC] PlayerPreTagEvent was triggered on AllanStrat by AllanDev with type PLAYER, reason ATTACKED, and cancelled true.
[January 05, 2022 22:06:18.841PM UTC] PlayerPreTagEvent was triggered on AllanDev by AllanStrat with type PLAYER, reason ATTACKER, and cancelled false.
[January 05, 2022 22:06:18.841PM UTC] PlayerReTagEvent was triggered on AllanDev by AllanStrat with type PLAYER and reason ATTACKER.
[January 05, 2022 22:06:18.841PM UTC] PlayerPreTagEvent was triggered on AllanStrat by AllanDev with type PLAYER, reason ATTACKED, and cancelled true.
[January 05, 2022 22:06:20.341PM UTC] PlayerPreTagEvent was triggered on AllanDev by AllanStrat with type PLAYER, reason ATTACKER, and cancelled false.
[January 05, 2022 22:06:20.341PM UTC] PlayerReTagEvent was triggered on AllanDev by AllanStrat with type PLAYER and reason ATTACKER.
[January 05, 2022 22:06:20.341PM UTC] PlayerPreTagEvent was triggered on AllanStrat by AllanDev with type PLAYER, reason ATTACKED, and cancelled true.
[January 05, 2022 22:06:20.441PM UTC] PlayerPreTagEvent was triggered on AllanDev by AllanStrat with type PLAYER, reason ATTACKER, and cancelled false.
[January 05, 2022 22:06:20.441PM UTC] PlayerReTagEvent was triggered on AllanDev by AllanStrat with type PLAYER and reason ATTACKER.
[January 05, 2022 22:06:20.441PM UTC] PlayerPreTagEvent was triggered on AllanStrat by AllanDev with type PLAYER, reason ATTACKED, and cancelled true.
[January 05, 2022 22:06:20.591PM UTC] PlayerPreTagEvent was triggered on AllanDev by AllanStrat with type PLAYER, reason ATTACKER, and cancelled false.
[January 05, 2022 22:06:20.591PM UTC] PlayerReTagEvent was triggered on AllanDev by AllanStrat with type PLAYER and reason ATTACKER.
[January 05, 2022 22:06:20.591PM UTC] PlayerPreTagEvent was triggered on AllanStrat by AllanDev with type PLAYER, reason ATTACKED, and cancelled true.
[January 05, 2022 22:06:20.741PM UTC] PlayerPreTagEvent was triggered on AllanDev by AllanStrat with type PLAYER, reason ATTACKER, and cancelled false.
[January 05, 2022 22:06:20.741PM UTC] PlayerReTagEvent was triggered on AllanDev by AllanStrat with type PLAYER and reason ATTACKER.
[January 05, 2022 22:06:20.741PM UTC] PlayerPreTagEvent was triggered on AllanStrat by AllanDev with type PLAYER, reason ATTACKED, and cancelled true.
[January 05, 2022 22:06:35.804PM UTC] PlayerPunishEvent was triggered on AllanDev with reason EXPIRE and cancelled true.
[January 05, 2022 22:06:35.805PM UTC] PlayerUntagEvent was triggered on AllanDev with reason EXPIRE and expire set to true.
[January 05, 2022 22:10:47.750PM UTC] PlayerPreTagEvent was triggered on AllanDev by Unknown Entity with type UNKNOWN, reason UNKNOWN, and cancelled false.
[January 05, 2022 22:10:47.755PM UTC] PlayerTagEvent was triggered on AllanDev by Unknown Entity with type UNKNOWN and reason UNKNOWN.
[January 05, 2022 22:11:03.139PM UTC] PlayerPunishEvent was triggered on AllanDev with reason EXPIRE and cancelled true.
[January 05, 2022 22:11:03.140PM UTC] PlayerUntagEvent was triggered on AllanDev with reason EXPIRE and expire set to true.
[January 05, 2022 22:11:15.530PM UTC] PlayerPreTagEvent was triggered on AllanDev by Unknown Entity with type UNKNOWN, reason UNKNOWN, and cancelled false.
[January 05, 2022 22:11:15.531PM UTC] PlayerTagEvent was triggered on AllanDev by Unknown Entity with type UNKNOWN and reason UNKNOWN.
[January 05, 2022 22:11:30.639PM UTC] PlayerPunishEvent was triggered on AllanDev with reason EXPIRE and cancelled true.
[January 05, 2022 22:11:30.640PM UTC] PlayerUntagEvent was triggered on AllanDev with reason EXPIRE and expire set to true.
[January 05, 2022 22:25:31.083PM UTC] PlayerPreTagEvent was triggered on AllanDev by Unknown Entity with type UNKNOWN, reason UNKNOWN, and cancelled false.
[January 05, 2022 22:25:31.085PM UTC] PlayerTagEvent was triggered on AllanDev by Unknown Entity with type UNKNOWN and reason UNKNOWN.
[January 05, 2022 22:25:46.139PM UTC] PlayerPunishEvent was triggered on AllanDev with reason EXPIRE and cancelled true.
[January 05, 2022 22:25:46.139PM UTC] PlayerUntagEvent was triggered on AllanDev with reason EXPIRE and expire set to true.
[January 05, 2022 22:25:56.408PM UTC] PlayerPreTagEvent was triggered on AllanDev by Unknown Entity with type UNKNOWN, reason UNKNOWN, and cancelled false.
[January 05, 2022 22:25:56.409PM UTC] PlayerTagEvent was triggered on AllanDev by Unknown Entity with type UNKNOWN and reason UNKNOWN.
[January 05, 2022 22:25:56.443PM UTC] PlayerPunishEvent was triggered on AllanDev with reason EXPIRE and cancelled true.
[January 05, 2022 22:25:56.443PM UTC] PlayerUntagEvent was triggered on AllanDev with reason EXPIRE and expire set to true.
